<?xml version="1.0" encoding="UTF-8"?>
<testng-results ignored="0" total="7" passed="7" failed="0" skipped="0">
  <reporter-output>
  </reporter-output>
  <suite started-at="2023-07-12T04:12:50Z" name="Silverstripe-Quality-Assurance-Team" finished-at="2023-07-12T04:15:15Z" duration-ms="145510">
    <groups>
    </groups>
    <test started-at="2023-07-12T04:12:50Z" name="To validate Search Feature" finished-at="2023-07-12T04:15:15Z" duration-ms="145510">
      <class name="test.SearchTest">
        <test-method is-config="true" signature="beforeTest(org.testng.ITestContext)[pri:0, instance:test.SearchTest@2abf4075]" started-at="2023-07-12T04:12:50Z" name="beforeTest" finished-at="2023-07-12T04:12:50Z" duration-ms="181" status="PASS">
          <params>
            <param index="0">
              <value>
                <![CDATA[org.testng.TestRunner@3e6534e7]]>
              </value>
            </param>
          </params>
          <reporter-output>
          </reporter-output>
        </test-method> <!-- beforeTest -->
        <test-method is-config="true" signature="setup()[pri:0, instance:test.SearchTest@2abf4075]" started-at="2023-07-12T04:12:50Z" name="setup" finished-at="2023-07-12T04:12:51Z" duration-ms="1442" status="PASS">
          <reporter-output>
          </reporter-output>
        </test-method> <!-- setup -->
        <test-method is-config="true" signature="setupInitial()[pri:0, instance:test.SearchTest@2abf4075]" started-at="2023-07-12T04:12:51Z" name="setupInitial" finished-at="2023-07-12T04:12:51Z" depends-on-methods="testbase.BaseTest.setup" duration-ms="31" status="PASS">
          <reporter-output>
          </reporter-output>
        </test-method> <!-- setupInitial -->
        <test-method is-config="true" signature="getMethodName(java.lang.reflect.Method, org.testng.ITestContext, org.testng.ITestResult)[pri:0, instance:test.SearchTest@2abf4075]" started-at="2023-07-12T04:12:52Z" name="getMethodName" finished-at="2023-07-12T04:12:52Z" duration-ms="9" status="PASS">
          <params>
            <param index="0">
              <value>
                <![CDATA[public void test.SearchTest.verifySearchInSilverStripe(org.testng.ITestContext,java.lang.String,java.lang.String) throws java.lang.Throwable]]>
              </value>
            </param>
            <param index="1">
              <value>
                <![CDATA[org.testng.TestRunner@3e6534e7]]>
              </value>
            </param>
            <param index="2">
              <value>
                <![CDATA[[TestResult name=verifySearchInSilverStripe status=SUCCESS method=SearchTest.verifySearchInSilverStripe(org.testng.ITestContext, java.lang.String, java.lang.String)[pri:1, instance:test.SearchTest@2abf4075] output={null}]]]>
              </value>
            </param>
          </params>
          <reporter-output>
          </reporter-output>
        </test-method> <!-- getMethodName -->
        <test-method signature="verifySearchInSilverStripe(org.testng.ITestContext, java.lang.String, java.lang.String)[pri:1, instance:test.SearchTest@2abf4075]" started-at="2023-07-12T04:12:52Z" name="verifySearchInSilverStripe" description="To verify the Search in Silverstripe Application" data-provider="getTestData" finished-at="2023-07-12T04:12:58Z" duration-ms="6030" status="PASS">
          <params>
            <param index="0">
              <value>
                <![CDATA[org.testng.TestRunner@3e6534e7]]>
              </value>
            </param>
            <param index="1">
              <value>
                <![CDATA[Michel]]>
              </value>
            </param>
            <param index="2">
              <value>
                <![CDATA[abc]]>
              </value>
            </param>
          </params>
          <reporter-output>
          </reporter-output>
        </test-method> <!-- verifySearchInSilverStripe -->
        <test-method is-config="true" signature="tearDown(org.testng.ITestResult)[pri:0, instance:test.SearchTest@2abf4075]" started-at="2023-07-12T04:12:58Z" name="tearDown" finished-at="2023-07-12T04:12:58Z" duration-ms="487" status="PASS">
          <params>
            <param index="0">
              <value>
                <![CDATA[[TestResult name=verifySearchInSilverStripe status=SUCCESS method=SearchTest.verifySearchInSilverStripe(org.testng.ITestContext, java.lang.String, java.lang.String)[pri:1, instance:test.SearchTest@2abf4075] output={null}]]]>
              </value>
            </param>
          </params>
          <reporter-output>
          </reporter-output>
        </test-method> <!-- tearDown -->
        <test-method signature="verifySearchInSilverStripe(org.testng.ITestContext, java.lang.String, java.lang.String)[pri:1, instance:test.SearchTest@2abf4075]" started-at="2023-07-12T04:12:58Z" name="verifySearchInSilverStripe" description="To verify the Search in Silverstripe Application" data-provider="getTestData" finished-at="2023-07-12T04:13:02Z" duration-ms="3201" status="PASS">
          <params>
            <param index="0">
              <value>
                <![CDATA[org.testng.TestRunner@3e6534e7]]>
              </value>
            </param>
            <param index="1">
              <value>
                <![CDATA[Fiona Black]]>
              </value>
            </param>
            <param index="2">
              <value>
                <![CDATA[abc]]>
              </value>
            </param>
          </params>
          <reporter-output>
          </reporter-output>
        </test-method> <!-- verifySearchInSilverStripe -->
        <test-method is-config="true" signature="getMethodName(java.lang.reflect.Method, org.testng.ITestContext, org.testng.ITestResult)[pri:0, instance:test.SearchTest@2abf4075]" started-at="2023-07-12T04:12:58Z" name="getMethodName" finished-at="2023-07-12T04:12:58Z" duration-ms="0" status="PASS">
          <params>
            <param index="0">
              <value>
                <![CDATA[public void test.SearchTest.verifySearchInSilverStripe(org.testng.ITestContext,java.lang.String,java.lang.String) throws java.lang.Throwable]]>
              </value>
            </param>
            <param index="1">
              <value>
                <![CDATA[org.testng.TestRunner@3e6534e7]]>
              </value>
            </param>
            <param index="2">
              <value>
                <![CDATA[[TestResult name=verifySearchInSilverStripe status=SUCCESS method=SearchTest.verifySearchInSilverStripe(org.testng.ITestContext, java.lang.String, java.lang.String)[pri:1, instance:test.SearchTest@2abf4075] output={null}]]]>
              </value>
            </param>
          </params>
          <reporter-output>
          </reporter-output>
        </test-method> <!-- getMethodName -->
        <test-method is-config="true" signature="tearDown(org.testng.ITestResult)[pri:0, instance:test.SearchTest@2abf4075]" started-at="2023-07-12T04:13:02Z" name="tearDown" finished-at="2023-07-12T04:13:02Z" duration-ms="334" status="PASS">
          <params>
            <param index="0">
              <value>
                <![CDATA[[TestResult name=verifySearchInSilverStripe status=SUCCESS method=SearchTest.verifySearchInSilverStripe(org.testng.ITestContext, java.lang.String, java.lang.String)[pri:1, instance:test.SearchTest@2abf4075] output={null}]]]>
              </value>
            </param>
          </params>
          <reporter-output>
          </reporter-output>
        </test-method> <!-- tearDown -->
        <test-method signature="verifySearchInSilverStripe(org.testng.ITestContext, java.lang.String, java.lang.String)[pri:1, instance:test.SearchTest@2abf4075]" started-at="2023-07-12T04:13:02Z" name="verifySearchInSilverStripe" description="To verify the Search in Silverstripe Application" data-provider="getTestData" finished-at="2023-07-12T04:13:05Z" duration-ms="2538" status="PASS">
          <params>
            <param index="0">
              <value>
                <![CDATA[org.testng.TestRunner@3e6534e7]]>
              </value>
            </param>
            <param index="1">
              <value>
                <![CDATA[Satarupa]]>
              </value>
            </param>
            <param index="2">
              <value>
                <![CDATA[abc]]>
              </value>
            </param>
          </params>
          <reporter-output>
          </reporter-output>
        </test-method> <!-- verifySearchInSilverStripe -->
        <test-method is-config="true" signature="getMethodName(java.lang.reflect.Method, org.testng.ITestContext, org.testng.ITestResult)[pri:0, instance:test.SearchTest@2abf4075]" started-at="2023-07-12T04:13:02Z" name="getMethodName" finished-at="2023-07-12T04:13:02Z" duration-ms="0" status="PASS">
          <params>
            <param index="0">
              <value>
                <![CDATA[public void test.SearchTest.verifySearchInSilverStripe(org.testng.ITestContext,java.lang.String,java.lang.String) throws java.lang.Throwable]]>
              </value>
            </param>
            <param index="1">
              <value>
                <![CDATA[org.testng.TestRunner@3e6534e7]]>
              </value>
            </param>
            <param index="2">
              <value>
                <![CDATA[[TestResult name=verifySearchInSilverStripe status=SUCCESS method=SearchTest.verifySearchInSilverStripe(org.testng.ITestContext, java.lang.String, java.lang.String)[pri:1, instance:test.SearchTest@2abf4075] output={null}]]]>
              </value>
            </param>
          </params>
          <reporter-output>
          </reporter-output>
        </test-method> <!-- getMethodName -->
        <test-method is-config="true" signature="tearDown(org.testng.ITestResult)[pri:0, instance:test.SearchTest@2abf4075]" started-at="2023-07-12T04:13:05Z" name="tearDown" finished-at="2023-07-12T04:13:05Z" duration-ms="279" status="PASS">
          <params>
            <param index="0">
              <value>
                <![CDATA[[TestResult name=verifySearchInSilverStripe status=SUCCESS method=SearchTest.verifySearchInSilverStripe(org.testng.ITestContext, java.lang.String, java.lang.String)[pri:1, instance:test.SearchTest@2abf4075] output={null}]]]>
              </value>
            </param>
          </params>
          <reporter-output>
          </reporter-output>
        </test-method> <!-- tearDown -->
        <test-method signature="verifySearchInSilverStripe(org.testng.ITestContext, java.lang.String, java.lang.String)[pri:1, instance:test.SearchTest@2abf4075]" started-at="2023-07-12T04:13:05Z" name="verifySearchInSilverStripe" description="To verify the Search in Silverstripe Application" data-provider="getTestData" finished-at="2023-07-12T04:13:08Z" duration-ms="2742" status="PASS">
          <params>
            <param index="0">
              <value>
                <![CDATA[org.testng.TestRunner@3e6534e7]]>
              </value>
            </param>
            <param index="1">
              <value>
                <![CDATA[Monali]]>
              </value>
            </param>
            <param index="2">
              <value>
                <![CDATA[abc]]>
              </value>
            </param>
          </params>
          <reporter-output>
          </reporter-output>
        </test-method> <!-- verifySearchInSilverStripe -->
        <test-method is-config="true" signature="getMethodName(java.lang.reflect.Method, org.testng.ITestContext, org.testng.ITestResult)[pri:0, instance:test.SearchTest@2abf4075]" started-at="2023-07-12T04:13:05Z" name="getMethodName" finished-at="2023-07-12T04:13:05Z" duration-ms="0" status="PASS">
          <params>
            <param index="0">
              <value>
                <![CDATA[public void test.SearchTest.verifySearchInSilverStripe(org.testng.ITestContext,java.lang.String,java.lang.String) throws java.lang.Throwable]]>
              </value>
            </param>
            <param index="1">
              <value>
                <![CDATA[org.testng.TestRunner@3e6534e7]]>
              </value>
            </param>
            <param index="2">
              <value>
                <![CDATA[[TestResult name=verifySearchInSilverStripe status=SUCCESS method=SearchTest.verifySearchInSilverStripe(org.testng.ITestContext, java.lang.String, java.lang.String)[pri:1, instance:test.SearchTest@2abf4075] output={null}]]]>
              </value>
            </param>
          </params>
          <reporter-output>
          </reporter-output>
        </test-method> <!-- getMethodName -->
        <test-method is-config="true" signature="tearDown(org.testng.ITestResult)[pri:0, instance:test.SearchTest@2abf4075]" started-at="2023-07-12T04:13:08Z" name="tearDown" finished-at="2023-07-12T04:13:08Z" duration-ms="341" status="PASS">
          <params>
            <param index="0">
              <value>
                <![CDATA[[TestResult name=verifySearchInSilverStripe status=SUCCESS method=SearchTest.verifySearchInSilverStripe(org.testng.ITestContext, java.lang.String, java.lang.String)[pri:1, instance:test.SearchTest@2abf4075] output={null}]]]>
              </value>
            </param>
          </params>
          <reporter-output>
          </reporter-output>
        </test-method> <!-- tearDown -->
        <test-method is-config="true" signature="getMethodName(java.lang.reflect.Method, org.testng.ITestContext, org.testng.ITestResult)[pri:0, instance:test.SearchTest@2abf4075]" started-at="2023-07-12T04:13:08Z" name="getMethodName" finished-at="2023-07-12T04:13:08Z" duration-ms="1" status="PASS">
          <params>
            <param index="0">
              <value>
                <![CDATA[public void test.SearchTest.verifyInvalidSearchInSilverstripe(org.testng.ITestContext,java.lang.String,java.lang.String)]]>
              </value>
            </param>
            <param index="1">
              <value>
                <![CDATA[org.testng.TestRunner@3e6534e7]]>
              </value>
            </param>
            <param index="2">
              <value>
                <![CDATA[[TestResult name=verifyInvalidSearchInSilverstripe status=SUCCESS method=SearchTest.verifyInvalidSearchInSilverstripe(org.testng.ITestContext, java.lang.String, java.lang.String)[pri:2, instance:test.SearchTest@2abf4075] output={null}]]]>
              </value>
            </param>
          </params>
          <reporter-output>
          </reporter-output>
        </test-method> <!-- getMethodName -->
        <test-method signature="verifyInvalidSearchInSilverstripe(org.testng.ITestContext, java.lang.String, java.lang.String)[pri:2, instance:test.SearchTest@2abf4075]" started-at="2023-07-12T04:13:08Z" name="verifyInvalidSearchInSilverstripe" description="To verify the invalid Search in Silvertstripe Application" data-provider="getTestData" finished-at="2023-07-12T04:13:09Z" duration-ms="1399" status="PASS">
          <params>
            <param index="0">
              <value>
                <![CDATA[org.testng.TestRunner@3e6534e7]]>
              </value>
            </param>
            <param index="1">
              <value>
                <![CDATA[aaa]]>
              </value>
            </param>
            <param index="2">
              <value>
                <![CDATA[No results for]]>
              </value>
            </param>
          </params>
          <reporter-output>
          </reporter-output>
        </test-method> <!-- verifyInvalidSearchInSilverstripe -->
        <test-method is-config="true" signature="tearDown(org.testng.ITestResult)[pri:0, instance:test.SearchTest@2abf4075]" started-at="2023-07-12T04:13:09Z" name="tearDown" finished-at="2023-07-12T04:13:09Z" duration-ms="137" status="PASS">
          <params>
            <param index="0">
              <value>
                <![CDATA[[TestResult name=verifyInvalidSearchInSilverstripe status=SUCCESS method=SearchTest.verifyInvalidSearchInSilverstripe(org.testng.ITestContext, java.lang.String, java.lang.String)[pri:2, instance:test.SearchTest@2abf4075] output={null}]]]>
              </value>
            </param>
          </params>
          <reporter-output>
          </reporter-output>
        </test-method> <!-- tearDown -->
        <test-method signature="verifyKeywordSearchWithSpecialCharactersInSilverstripe(org.testng.ITestContext, java.lang.String, java.lang.String)[pri:3, instance:test.SearchTest@2abf4075]" started-at="2023-07-12T04:13:10Z" name="verifyKeywordSearchWithSpecialCharactersInSilverstripe" description="To verify the keyword search with Special characters in Silvertstripe Application" data-provider="getTestData" finished-at="2023-07-12T04:15:12Z" duration-ms="122059" status="PASS">
          <params>
            <param index="0">
              <value>
                <![CDATA[org.testng.TestRunner@3e6534e7]]>
              </value>
            </param>
            <param index="1">
              <value>
                <![CDATA[*$%]]>
              </value>
            </param>
            <param index="2">
              <value>
                <![CDATA[No results for]]>
              </value>
            </param>
          </params>
          <reporter-output>
          </reporter-output>
        </test-method> <!-- verifyKeywordSearchWithSpecialCharactersInSilverstripe -->
        <test-method is-config="true" signature="getMethodName(java.lang.reflect.Method, org.testng.ITestContext, org.testng.ITestResult)[pri:0, instance:test.SearchTest@2abf4075]" started-at="2023-07-12T04:13:10Z" name="getMethodName" finished-at="2023-07-12T04:13:10Z" duration-ms="0" status="PASS">
          <params>
            <param index="0">
              <value>
                <![CDATA[public void test.SearchTest.verifyKeywordSearchWithSpecialCharactersInSilverstripe(org.testng.ITestContext,java.lang.String,java.lang.String)]]>
              </value>
            </param>
            <param index="1">
              <value>
                <![CDATA[org.testng.TestRunner@3e6534e7]]>
              </value>
            </param>
            <param index="2">
              <value>
                <![CDATA[[TestResult name=verifyKeywordSearchWithSpecialCharactersInSilverstripe status=SUCCESS method=SearchTest.verifyKeywordSearchWithSpecialCharactersInSilverstripe(org.testng.ITestContext, java.lang.String, java.lang.String)[pri:3, instance:test.SearchTest@2abf4075] output={null}]]]>
              </value>
            </param>
          </params>
          <reporter-output>
          </reporter-output>
        </test-method> <!-- getMethodName -->
        <test-method is-config="true" signature="tearDown(org.testng.ITestResult)[pri:0, instance:test.SearchTest@2abf4075]" started-at="2023-07-12T04:15:12Z" name="tearDown" finished-at="2023-07-12T04:15:12Z" duration-ms="127" status="PASS">
          <params>
            <param index="0">
              <value>
                <![CDATA[[TestResult name=verifyKeywordSearchWithSpecialCharactersInSilverstripe status=SUCCESS method=SearchTest.verifyKeywordSearchWithSpecialCharactersInSilverstripe(org.testng.ITestContext, java.lang.String, java.lang.String)[pri:3, instance:test.SearchTest@2abf4075] output={null}]]]>
              </value>
            </param>
          </params>
          <reporter-output>
          </reporter-output>
        </test-method> <!-- tearDown -->
        <test-method signature="verifyKeywordSearchWithCombinationOfSpeacialCharactersAndText(org.testng.ITestContext, java.lang.String, java.lang.String)[pri:4, instance:test.SearchTest@2abf4075]" started-at="2023-07-12T04:15:12Z" name="verifyKeywordSearchWithCombinationOfSpeacialCharactersAndText" description="To verify the keyword search with combination of special characters and text in Silverstripe application" data-provider="getTestData" finished-at="2023-07-12T04:15:15Z" duration-ms="2837" status="PASS">
          <params>
            <param index="0">
              <value>
                <![CDATA[org.testng.TestRunner@3e6534e7]]>
              </value>
            </param>
            <param index="1">
              <value>
                <![CDATA[*Miche]]>
              </value>
            </param>
            <param index="2">
              <value>
                <![CDATA[Michel]]>
              </value>
            </param>
          </params>
          <reporter-output>
          </reporter-output>
        </test-method> <!-- verifyKeywordSearchWithCombinationOfSpeacialCharactersAndText -->
        <test-method is-config="true" signature="getMethodName(java.lang.reflect.Method, org.testng.ITestContext, org.testng.ITestResult)[pri:0, instance:test.SearchTest@2abf4075]" started-at="2023-07-12T04:15:12Z" name="getMethodName" finished-at="2023-07-12T04:15:12Z" duration-ms="0" status="PASS">
          <params>
            <param index="0">
              <value>
                <![CDATA[public void test.SearchTest.verifyKeywordSearchWithCombinationOfSpeacialCharactersAndText(org.testng.ITestContext,java.lang.String,java.lang.String)]]>
              </value>
            </param>
            <param index="1">
              <value>
                <![CDATA[org.testng.TestRunner@3e6534e7]]>
              </value>
            </param>
            <param index="2">
              <value>
                <![CDATA[[TestResult name=verifyKeywordSearchWithCombinationOfSpeacialCharactersAndText status=SUCCESS method=SearchTest.verifyKeywordSearchWithCombinationOfSpeacialCharactersAndText(org.testng.ITestContext, java.lang.String, java.lang.String)[pri:4, instance:test.SearchTest@2abf4075] output={null}]]]>
              </value>
            </param>
          </params>
          <reporter-output>
          </reporter-output>
        </test-method> <!-- getMethodName -->
        <test-method is-config="true" signature="tearDown(org.testng.ITestResult)[pri:0, instance:test.SearchTest@2abf4075]" started-at="2023-07-12T04:15:15Z" name="tearDown" finished-at="2023-07-12T04:15:15Z" duration-ms="420" status="PASS">
          <params>
            <param index="0">
              <value>
                <![CDATA[[TestResult name=verifyKeywordSearchWithCombinationOfSpeacialCharactersAndText status=SUCCESS method=SearchTest.verifyKeywordSearchWithCombinationOfSpeacialCharactersAndText(org.testng.ITestContext, java.lang.String, java.lang.String)[pri:4, instance:test.SearchTest@2abf4075] output={null}]]]>
              </value>
            </param>
          </params>
          <reporter-output>
          </reporter-output>
        </test-method> <!-- tearDown -->
        <test-method is-config="true" signature="AfterTest()[pri:0, instance:test.SearchTest@2abf4075]" started-at="2023-07-12T04:15:15Z" name="AfterTest" finished-at="2023-07-12T04:15:15Z" duration-ms="436" status="PASS">
          <reporter-output>
          </reporter-output>
        </test-method> <!-- AfterTest -->
      </class> <!-- test.SearchTest -->
    </test> <!-- To validate Search Feature -->
  </suite> <!-- Silverstripe-Quality-Assurance-Team -->
</testng-results>
