<?xml version="1.0" encoding="UTF-8"?>
<!-- Generated by org.testng.reporters.JUnitXMLReporter -->
<testsuite ignored="0" hostname="Satarupa-Biswal" failures="0" tests="7" name="To validate Search Feature" time="145.51" errors="0" timestamp="12 Jul 2023 04:15:15 GMT">
  <testcase classname="test.SearchTest" name="verifySearchInSilverStripe" time="6.03"/>
  <testcase classname="test.SearchTest" name="verifySearchInSilverStripe" time="3.201"/>
  <testcase classname="test.SearchTest" name="verifySearchInSilverStripe" time="2.538"/>
  <testcase classname="test.SearchTest" name="verifySearchInSilverStripe" time="2.742"/>
  <testcase classname="test.SearchTest" name="verifyInvalidSearchInSilverstripe" time="1.399"/>
  <testcase classname="test.SearchTest" name="verifyKeywordSearchWithSpecialCharactersInSilverstripe" time="122.059"/>
  <testcase classname="test.SearchTest" name="verifyKeywordSearchWithCombinationOfSpeacialCharactersAndText" time="2.837"/>
</testsuite> <!-- To validate Search Feature -->
